  ProjectMinesweeper.cpp
C:\Users\karch\source\repos\COP3503Labs\ProjectMinesweeper\ProjectMinesweeper.cpp(130,47): warning C4267: 'argument': conversion from 'size_t' to 'int', possible loss of data
C:\Users\karch\source\repos\COP3503Labs\ProjectMinesweeper\ProjectMinesweeper.cpp(143,32): warning C4018: '<': signed/unsigned mismatch
C:\Users\karch\source\repos\COP3503Labs\ProjectMinesweeper\ProjectMinesweeper.cpp(145,36): warning C4018: '<': signed/unsigned mismatch
C:\Users\karch\source\repos\COP3503Labs\ProjectMinesweeper\ProjectMinesweeper.cpp(188,132): warning C4244: 'argument': conversion from 'int' to 'float', possible loss of data
C:\Users\karch\source\repos\COP3503Labs\ProjectMinesweeper\ProjectMinesweeper.cpp(205,32): warning C4018: '<': signed/unsigned mismatch
C:\Users\karch\source\repos\COP3503Labs\ProjectMinesweeper\ProjectMinesweeper.cpp(247,69): warning C4244: 'initializing': conversion from 'T' to 'int', possible loss of data
          with
          [
              T=float
          ]
C:\Users\karch\source\repos\COP3503Labs\ProjectMinesweeper\ProjectMinesweeper.cpp(247,27): warning C4244: 'initializing': conversion from 'T' to 'const int', possible loss of data
          with
          [
              T=float
          ]
C:\Users\karch\source\repos\COP3503Labs\ProjectMinesweeper\ProjectMinesweeper.cpp(251,46): warning C4244: 'argument': conversion from 'const int' to 'float', possible loss of data
C:\Users\karch\source\repos\COP3503Labs\ProjectMinesweeper\ProjectMinesweeper.cpp(251,40): warning C4244: 'argument': conversion from 'const int' to 'float', possible loss of data
C:\Users\karch\source\repos\COP3503Labs\ProjectMinesweeper\ProjectMinesweeper.cpp(252,60): warning C4244: 'argument': conversion from 'const int' to 'float', possible loss of data
C:\Users\karch\source\repos\COP3503Labs\ProjectMinesweeper\ProjectMinesweeper.cpp(252,45): warning C4244: 'argument': conversion from 'int' to 'float', possible loss of data
C:\Users\karch\source\repos\COP3503Labs\ProjectMinesweeper\ProjectMinesweeper.cpp(253,62): warning C4244: 'argument': conversion from 'const int' to 'float', possible loss of data
C:\Users\karch\source\repos\COP3503Labs\ProjectMinesweeper\ProjectMinesweeper.cpp(253,45): warning C4244: 'argument': conversion from 'int' to 'float', possible loss of data
C:\Users\karch\source\repos\COP3503Labs\ProjectMinesweeper\ProjectMinesweeper.cpp(254,62): warning C4244: 'argument': conversion from 'const int' to 'float', possible loss of data
C:\Users\karch\source\repos\COP3503Labs\ProjectMinesweeper\ProjectMinesweeper.cpp(254,45): warning C4244: 'argument': conversion from 'int' to 'float', possible loss of data
C:\Users\karch\source\repos\COP3503Labs\ProjectMinesweeper\ProjectMinesweeper.cpp(292,46): warning C4244: 'argument': conversion from 'int' to 'float', possible loss of data
C:\Users\karch\source\repos\COP3503Labs\ProjectMinesweeper\ProjectMinesweeper.cpp(302,52): warning C4244: 'argument': conversion from 'int' to 'float', possible loss of data
C:\Users\karch\source\repos\COP3503Labs\ProjectMinesweeper\ProjectMinesweeper.cpp(302,33): warning C4244: 'argument': conversion from 'int' to 'float', possible loss of data
C:\Users\karch\source\repos\COP3503Labs\ProjectMinesweeper\ProjectMinesweeper.cpp(309,86): warning C4244: 'argument': conversion from 'T' to 'T', possible loss of data
          with
          [
              T=int
          ]
          and
          [
              T=float
          ]
C:\Users\karch\source\repos\COP3503Labs\ProjectMinesweeper\ProjectMinesweeper.cpp(309,74): warning C4244: 'argument': conversion from 'T' to 'T', possible loss of data
          with
          [
              T=int
          ]
          and
          [
              T=float
          ]
C:\Users\karch\source\repos\COP3503Labs\ProjectMinesweeper\ProjectMinesweeper.cpp(366,86): warning C4244: 'argument': conversion from 'T' to 'T', possible loss of data
          with
          [
              T=int
          ]
          and
          [
              T=float
          ]
C:\Users\karch\source\repos\COP3503Labs\ProjectMinesweeper\ProjectMinesweeper.cpp(366,74): warning C4244: 'argument': conversion from 'T' to 'T', possible loss of data
          with
          [
              T=int
          ]
          and
          [
              T=float
          ]
C:\Users\karch\source\repos\COP3503Labs\ProjectMinesweeper\ProjectMinesweeper.cpp(381,79): warning C4244: 'argument': conversion from 'T' to 'T', possible loss of data
          with
          [
              T=int
          ]
          and
          [
              T=float
          ]
C:\Users\karch\source\repos\COP3503Labs\ProjectMinesweeper\ProjectMinesweeper.cpp(381,67): warning C4244: 'argument': conversion from 'T' to 'T', possible loss of data
          with
          [
              T=int
          ]
          and
          [
              T=float
          ]
C:\Users\karch\source\repos\COP3503Labs\ProjectMinesweeper\ProjectMinesweeper.cpp(388,79): warning C4244: 'argument': conversion from 'T' to 'T', possible loss of data
          with
          [
              T=int
          ]
          and
          [
              T=float
          ]
C:\Users\karch\source\repos\COP3503Labs\ProjectMinesweeper\ProjectMinesweeper.cpp(388,67): warning C4244: 'argument': conversion from 'T' to 'T', possible loss of data
          with
          [
              T=int
          ]
          and
          [
              T=float
          ]
C:\Users\karch\source\repos\COP3503Labs\ProjectMinesweeper\ProjectMinesweeper.cpp(417,79): warning C4244: 'argument': conversion from 'T' to 'T', possible loss of data
          with
          [
              T=int
          ]
          and
          [
              T=float
          ]
C:\Users\karch\source\repos\COP3503Labs\ProjectMinesweeper\ProjectMinesweeper.cpp(417,67): warning C4244: 'argument': conversion from 'T' to 'T', possible loss of data
          with
          [
              T=int
          ]
          and
          [
              T=float
          ]
C:\Users\karch\source\repos\COP3503Labs\ProjectMinesweeper\ProjectMinesweeper.cpp(425,79): warning C4244: 'argument': conversion from 'T' to 'T', possible loss of data
          with
          [
              T=int
          ]
          and
          [
              T=float
          ]
C:\Users\karch\source\repos\COP3503Labs\ProjectMinesweeper\ProjectMinesweeper.cpp(425,67): warning C4244: 'argument': conversion from 'T' to 'T', possible loss of data
          with
          [
              T=int
          ]
          and
          [
              T=float
          ]
C:\Users\karch\source\repos\COP3503Labs\ProjectMinesweeper\ProjectMinesweeper.cpp(432,79): warning C4244: 'argument': conversion from 'T' to 'T', possible loss of data
          with
          [
              T=int
          ]
          and
          [
              T=float
          ]
C:\Users\karch\source\repos\COP3503Labs\ProjectMinesweeper\ProjectMinesweeper.cpp(432,67): warning C4244: 'argument': conversion from 'T' to 'T', possible loss of data
          with
          [
              T=int
          ]
          and
          [
              T=float
          ]
C:\Users\karch\source\repos\COP3503Labs\ProjectMinesweeper\ProjectMinesweeper.cpp(450,32): warning C4267: '=': conversion from 'size_t' to 'int', possible loss of data
C:\Users\karch\source\repos\COP3503Labs\ProjectMinesweeper\ProjectMinesweeper.cpp(452,36): warning C4018: '<': signed/unsigned mismatch
C:\Users\karch\source\repos\COP3503Labs\ProjectMinesweeper\ProjectMinesweeper.cpp(539,91): warning C4244: 'argument': conversion from 'T' to 'T', possible loss of data
          with
          [
              T=int
          ]
          and
          [
              T=float
          ]
C:\Users\karch\source\repos\COP3503Labs\ProjectMinesweeper\ProjectMinesweeper.cpp(539,79): warning C4244: 'argument': conversion from 'T' to 'T', possible loss of data
          with
          [
              T=int
          ]
          and
          [
              T=float
          ]
C:\Users\karch\source\repos\COP3503Labs\ProjectMinesweeper\ProjectMinesweeper.cpp(543,91): warning C4244: 'argument': conversion from 'T' to 'T', possible loss of data
          with
          [
              T=int
          ]
          and
          [
              T=float
          ]
C:\Users\karch\source\repos\COP3503Labs\ProjectMinesweeper\ProjectMinesweeper.cpp(543,79): warning C4244: 'argument': conversion from 'T' to 'T', possible loss of data
          with
          [
              T=int
          ]
          and
          [
              T=float
          ]
C:\Users\karch\source\repos\COP3503Labs\ProjectMinesweeper\ProjectMinesweeper.cpp(547,91): warning C4244: 'argument': conversion from 'T' to 'T', possible loss of data
          with
          [
              T=int
          ]
          and
          [
              T=float
          ]
C:\Users\karch\source\repos\COP3503Labs\ProjectMinesweeper\ProjectMinesweeper.cpp(547,79): warning C4244: 'argument': conversion from 'T' to 'T', possible loss of data
          with
          [
              T=int
          ]
          and
          [
              T=float
          ]
C:\Users\karch\source\repos\COP3503Labs\ProjectMinesweeper\ProjectMinesweeper.cpp(551,91): warning C4244: 'argument': conversion from 'T' to 'T', possible loss of data
          with
          [
              T=int
          ]
          and
          [
              T=float
          ]
C:\Users\karch\source\repos\COP3503Labs\ProjectMinesweeper\ProjectMinesweeper.cpp(551,79): warning C4244: 'argument': conversion from 'T' to 'T', possible loss of data
          with
          [
              T=int
          ]
          and
          [
              T=float
          ]
  ProjectMinesweeper.vcxproj -> C:\Users\karch\source\repos\COP3503Labs\x64\Debug\ProjectMinesweeper.exe
